INFO [2020-12-06 17:40:55] [[1]]
INFO [2020-12-06 17:40:55] overlap
INFO [2020-12-06 17:40:55] 
INFO [2020-12-06 17:40:55] $fill
INFO [2020-12-06 17:40:55] c("cornflowerblue", "lightcoral")
INFO [2020-12-06 17:40:55] 
INFO [2020-12-06 17:40:55] $alpha
INFO [2020-12-06 17:40:55] c(0.5, 0.5)
INFO [2020-12-06 17:40:55] 
INFO [2020-12-06 17:40:55] $cex
INFO [2020-12-06 17:40:55] [1] 1.5
INFO [2020-12-06 17:40:55] 
INFO [2020-12-06 17:40:55] $cat.fontface
INFO [2020-12-06 17:40:55] [1] 3
INFO [2020-12-06 17:40:55] 
INFO [2020-12-06 17:40:55] $cat.cex
INFO [2020-12-06 17:40:55] [1] 1
INFO [2020-12-06 17:40:55] 
INFO [2020-12-06 17:40:55] $lty
INFO [2020-12-06 17:40:55] [1] 2
INFO [2020-12-06 17:40:55] 
INFO [2020-12-06 17:40:55] $cat.just
INFO [2020-12-06 17:40:55] (list(`Saline/Ro` = c(2.5, 5), `Ro+Rapa/Ro` = c(-1.2, 5)))
INFO [2020-12-06 17:40:55] 
INFO [2020-12-06 17:40:55] $filename
INFO [2020-12-06 17:40:55] NULL
INFO [2020-12-06 17:40:55] 
INFO [2020-12-06 17:40:55] $rotation.degree
INFO [2020-12-06 17:40:55] [1] 180
INFO [2020-12-06 17:40:55] 
INFO [2020-12-06 17:40:55] $scaled
INFO [2020-12-06 17:40:55] [1] FALSE
INFO [2020-12-06 17:40:55] 
